0 info it worked if it ends with ok
1 verbose cli [ 'C:\\Programms\\nodejs\\node.exe',
1 verbose cli   'C:\\Users\\Nikita Mihalyov\\AppData\\Roaming\\npm\\node_modules\\npm\\bin\\npm-cli.js',
1 verbose cli   'publish' ]
2 info using npm@4.1.1
3 info using node@v6.9.4
4 verbose publish [ '.' ]
5 silly cache add args [ '.', null ]
6 verbose cache add spec .
7 silly cache add parsed spec Result {
7 silly cache add   raw: '.',
7 silly cache add   scope: null,
7 silly cache add   escapedName: null,
7 silly cache add   name: null,
7 silly cache add   rawSpec: '.',
7 silly cache add   spec: 'c:\\Web Development\\Projects\\prime-grid',
7 silly cache add   type: 'directory' }
8 verbose addLocalDirectory C:\Users\Nikita Mihalyov\AppData\Roaming\npm-cache\prime-grid\1.1.0\package.tgz not in flight; packing
9 verbose correctMkdir C:\Users\Nikita Mihalyov\AppData\Roaming\npm-cache correctMkdir not in flight; initializing
10 info lifecycle prime-grid@1.1.0~prepublish: prime-grid@1.1.0
11 silly lifecycle prime-grid@1.1.0~prepublish: no script for prepublish, continuing
12 info lifecycle prime-grid@1.1.0~prepare: prime-grid@1.1.0
13 silly lifecycle prime-grid@1.1.0~prepare: no script for prepare, continuing
14 verbose tar pack [ 'C:\\Users\\Nikita Mihalyov\\AppData\\Roaming\\npm-cache\\prime-grid\\1.1.0\\package.tgz',
14 verbose tar pack   'c:\\Web Development\\Projects\\prime-grid' ]
15 verbose tarball C:\Users\Nikita Mihalyov\AppData\Roaming\npm-cache\prime-grid\1.1.0\package.tgz
16 verbose folder c:\Web Development\Projects\prime-grid
17 verbose addLocalTarball adding from inside cache C:\Users\Nikita Mihalyov\AppData\Roaming\npm-cache\prime-grid\1.1.0\package.tgz
18 verbose correctMkdir C:\Users\Nikita Mihalyov\AppData\Roaming\npm-cache correctMkdir not in flight; initializing
19 silly cache afterAdd prime-grid@1.1.0
20 verbose afterAdd C:\Users\Nikita Mihalyov\AppData\Roaming\npm-cache\prime-grid\1.1.0\package\package.json not in flight; writing
21 verbose correctMkdir C:\Users\Nikita Mihalyov\AppData\Roaming\npm-cache correctMkdir not in flight; initializing
22 verbose afterAdd C:\Users\Nikita Mihalyov\AppData\Roaming\npm-cache\prime-grid\1.1.0\package\package.json written
23 silly publish { name: 'prime-grid',
23 silly publish   version: '1.1.0',
23 silly publish   description: 'A prime grid for your projects!',
23 silly publish   main: 'index.js',
23 silly publish   scripts: { test: 'echo "Error: no test specified" && exit 1' },
23 silly publish   repository:
23 silly publish    { type: 'git',
23 silly publish      url: 'git+https://github.com/nmihalyov/prime-grid.git' },
23 silly publish   keywords: [ 'prime', 'grid' ],
23 silly publish   author: { name: 'Nikita Mihalyov' },
23 silly publish   license: 'ISC',
23 silly publish   bugs: { url: 'https://github.com/nmihalyov/prime-grid/issues' },
23 silly publish   homepage: 'https://github.com/nmihalyov/prime-grid#readme',
23 silly publish   readme: '# Prime Grid\r\n### A prime grid for your projects!\r\n\r\n[**Documentation**](http://web-nm.tk/prime-grid/)\r\n\r\nClone:\r\n**`git clone https://github.com/nmihalyov/prime-grid.git`**\r\n\r\nInstall via Bower:\r\n**`bower i prime-grid`**\r\n\r\nInstall via NPM:\r\n**`npm i prime-grid --save-dev`**\r\n',
23 silly publish   readmeFilename: 'README.md',
23 silly publish   gitHead: '34190ec28ae8ed66f2ce017f5094f8f46132cc7a',
23 silly publish   _id: 'prime-grid@1.1.0',
23 silly publish   _shasum: 'd043e4a6c1c2f425832bdef54ae00cfae442d4d3',
23 silly publish   _from: '.' }
24 info lifecycle prime-grid@1.1.0~prepublishOnly: prime-grid@1.1.0
25 silly lifecycle prime-grid@1.1.0~prepublishOnly: no script for prepublishOnly, continuing
26 verbose getPublishConfig undefined
27 silly mapToRegistry name prime-grid
28 silly mapToRegistry using default registry
29 silly mapToRegistry registry https://registry.npmjs.org/
30 silly mapToRegistry data Result {
30 silly mapToRegistry   raw: 'prime-grid',
30 silly mapToRegistry   scope: null,
30 silly mapToRegistry   escapedName: 'prime-grid',
30 silly mapToRegistry   name: 'prime-grid',
30 silly mapToRegistry   rawSpec: '',
30 silly mapToRegistry   spec: 'latest',
30 silly mapToRegistry   type: 'tag' }
31 silly mapToRegistry uri https://registry.npmjs.org/prime-grid
32 verbose publish registryBase https://registry.npmjs.org/
33 silly publish uploading C:\Users\Nikita Mihalyov\AppData\Roaming\npm-cache\prime-grid\1.1.0\package.tgz
34 verbose request uri https://registry.npmjs.org/prime-grid
35 verbose request sending authorization for write operation
36 info attempt registry request try #1 at 21:42:25
37 verbose request using bearer token for auth
38 verbose request id 1fd3efadaac43227
39 http request PUT https://registry.npmjs.org/prime-grid
40 http 403 https://registry.npmjs.org/prime-grid
41 verbose headers { 'content-type': 'application/json',
41 verbose headers   'cache-control': 'max-age=300',
41 verbose headers   'content-length': '95',
41 verbose headers   'accept-ranges': 'bytes',
41 verbose headers   date: 'Fri, 21 Apr 2017 18:42:31 GMT',
41 verbose headers   via: '1.1 varnish',
41 verbose headers   connection: 'keep-alive',
41 verbose headers   'x-served-by': 'cache-bma7034-BMA',
41 verbose headers   'x-cache': 'MISS',
41 verbose headers   'x-cache-hits': '0',
41 verbose headers   'x-timer': 'S1492800150.936119,VS0,VE1207',
41 verbose headers   vary: 'Accept-Encoding' }
42 verbose request invalidating C:\Users\Nikita Mihalyov\AppData\Roaming\npm-cache\registry.npmjs.org\prime-grid on PUT
43 error publish Failed PUT 403
44 verbose stack Error: "You cannot publish over the previously published version 1.1.0." : prime-grid
44 verbose stack     at makeError (C:\Users\Nikita Mihalyov\AppData\Roaming\npm\node_modules\npm\node_modules\npm-registry-client\lib\request.js:304:12)
44 verbose stack     at CachingRegistryClient.<anonymous> (C:\Users\Nikita Mihalyov\AppData\Roaming\npm\node_modules\npm\node_modules\npm-registry-client\lib\request.js:292:14)
44 verbose stack     at Request._callback (C:\Users\Nikita Mihalyov\AppData\Roaming\npm\node_modules\npm\node_modules\npm-registry-client\lib\request.js:212:14)
44 verbose stack     at Request.self.callback (C:\Users\Nikita Mihalyov\AppData\Roaming\npm\node_modules\npm\node_modules\request\request.js:186:22)
44 verbose stack     at emitTwo (events.js:106:13)
44 verbose stack     at Request.emit (events.js:191:7)
44 verbose stack     at Request.<anonymous> (C:\Users\Nikita Mihalyov\AppData\Roaming\npm\node_modules\npm\node_modules\request\request.js:1081:10)
44 verbose stack     at emitOne (events.js:96:13)
44 verbose stack     at Request.emit (events.js:188:7)
44 verbose stack     at IncomingMessage.<anonymous> (C:\Users\Nikita Mihalyov\AppData\Roaming\npm\node_modules\npm\node_modules\request\request.js:1001:12)
45 verbose statusCode 403
46 verbose pkgid prime-grid
47 verbose cwd c:\Web Development\Projects\prime-grid
48 error Windows_NT 10.0.14393
49 error argv "C:\\Programms\\nodejs\\node.exe" "C:\\Users\\Nikita Mihalyov\\AppData\\Roaming\\npm\\node_modules\\npm\\bin\\npm-cli.js" "publish"
50 error node v6.9.4
51 error npm  v4.1.1
52 error code E403
53 error "You cannot publish over the previously published version 1.1.0." : prime-grid
54 error If you need help, you may report this error at:
54 error     <https://github.com/npm/npm/issues>
55 verbose exit [ 1, true ]
